[   0.00000] Linux version 4.15.0-43-generc (build@lgw01-md64001) (gcc version 7.3.0 (Ubuntu 7.3.0-16ubuntu3)) #46-Ubuntu SMP Thu Dec 6 14:45:28 UTC 2018 Ubuntu 4.15.0-43.46-eneric 4.15.18)
[   0.0000] Comandline: OOT_MAGE/bootvmlinu-4.1.0-43-generic root=UUID=9cd21e5e-c430-411b-aebd-b8f13e7d9bd ro onsoe=tt1 console=ttyS0
[    0.000000] KERNE suported cps:
[   0.00000]   ntel GenuinInte
[   0.000000]   AMD AuthenticAMD
[    0.000000   Cntaur CentaurHauls
[    0.000000] x86/fpu: Spporing SAVE feaure 0x01: '87 foatig poit regiters
[   0.0000] x86/pu: Supporting SAVE fature 0002:'SSEregistrs'
[    .000000 x86/pu: SuportingXSAVE eatue 0x04: 'AX reistes'
[   0.00000] x86/fpu: xstate_offset[2]:  576, xstate_sizes[2]:  256
[    0.000000] x86/fpu: Enabled xstate features 0x7, context size is 832 bytes, using 'standard' format.
[    0.000000] e820: BIOS-provided physical RAM map:
[    0.000000] BIOS-e820: [mem 0x0000000000000000-0x000000000009fbff] usable
[    0.000000] BIOS-e820: [mem 0x000000000009fc00-0x000000000009ffff] reserved
[    0.000000] BIOS-e820: [mem 0x00000000000f0000-0x00000000000fffff] reserved
[    0.000000] BIOS-e820: [mem 0x0000000000100000-0x000000003ffeffff] usable
[    0.000000] BIOS-e820: [mem 0x000000003fff0000-0x000000003fffffff] ACPI data
[    0.000000] BIOS-e820: [mem 0x00000000fec00000-0x00000000fec00fff] reserved
[    0.000000] BIOS-e82: [mm 0x0000000fee00000-0x0000000ee00ff] eserve
[   0.00000] BIOS-e820:[mem0x000000fffc000-x0000000ffffff] reerved
[    0.00000] NX (Execte Disble)protecion:active
[    0000000 SMBOS 25 prsent
[   0.000000] DMI inntek mbH VirtalBo/VirualBox,BIOSVirtalBo 12/1/2006
[    0.00000] Hypervisor dtected KVM
[    0.00000] e820: ast_pfn = 0xfff0 max_arch_pfn = 0x400000000
[    0.000000] MTRR: Disabled
[    0.000000] x86/PAT: MTRRs disabled, skipping PAT initialization too.
[    0.000000] CPU MTRRs all blank - virtualizedsystm.
[    0.000000] x86/PAT: Configuration [0-7]: WB  WT  UC- UC  W  WT UC- C  
[   0.00000] ound SMP MP-table at [mem 0x0009fff0-0x0009ffff] mapped at [        (ptrval)]
[    0.000000] Scanning 1 areas for low memory corruption
[    0.000000] RAMDISK: [mem 0x359d5000-0x36ce1fff]
[    0.000000] ACPI: Early table checksum verification disabled
[    0.000000] ACPI: RSDP 0x00000000000E0000 000024 (v02 VBOX  )
[    0.000000] ACPI: XSDT 0x000000003FFF0030 00003C (v01 VBOX   VBOXXSDT 00000001 ASL  00000061)
[    0.00000] ACPI: FCP 0x000000003FFF00F0 0000F4 (v04 VBOX   VBOXFACP 00000001 ASL  00000061)
[    0.000000] ACPI: DSDT 0x000000003FFF0470 0021FF (v02 VBOX   VBOXBIOS 00000002 INTL 20100528)
[    0.000000] ACPI: FACS 0x000000003FFF0200 000040
[    0.000000] ACPI: FACS 0x000000003FFF0200 000040
[    0.000000] ACPI: APIC 0x000000003FFF0240 00005C (v02 VBOX   VBOXAPIC 00000001 ASL  00000061)
[    0.000000] ACPI: SSDT 0x000000003FFF02A0 0001CC (v01 VBOX   VBOXCPUT 00000002 INTL 20100528)
[    0.000000] No NUMA configuration found
[    0.000000] Faking a node at [mem 0x0000000000000000-0x000000003ffeffff]
[    0.000000] NODE_DATA(0) allocated [mem 0x3ffc5000-0x3ffeffff]
[    0.000000] kvm-clock: cpu 0, msr 0:3ff44001, primary cpu clock
[   0.00000] kvm-lock Usig msrs4b564d1 and 4b564d00
[    0.000000] kvm-clock: uing sched offset of 4419206251 cycles
[   0.00000] cloksouce: vm-cock:mask 0xfffffffffffff max_cyles:0x1c42e4ffb, ax_ile_n: 8859051483ns
    .00000] one ange:
[   0.00000]   DMA    [mem0x0000000000000-x000000000fffff
[   0.00000]  DMA32    mem 0x000000000000000-0x000000003ffeffff]
[    0.000000]   Normal   empty
[    0.000000]   Device   empty
[    0.000000] Movable zone start for each node
[   0.00000] Early memory node ranges
[    0.000000]   node   0: [mem 0x0000000000001000-0x000000000009efff]
[    0.000000]   node   0: [mem 0x0000000000100000-0x000000003ffeffff]
[    0.000000] Initem setu node  [mem x0000000000100-0x0000003ffffff]
[   0.000000] Reserved but unvailble: 9 pages
    0.00000 ACPI PM-Timr IO ort: 0x008
[   0.000000]IOAPC[0]: pic_id 2 versin 32, address 0xfec00000, GSI 0-23
[    0.00000] API: IN_SRC_OVR (us 0bus_rq 0globa_irq 2 dl df)
[    0.00000]ACPI: IT_SRC_VR (us 0 bu_irq9 glbal_rq 9low evel
[   0.00000] Usng API (MADT forSMP cofiguatio infrmatio
[   0.00000]smpbot: llowin 2 CUs,  hotlug CPs
[   0.000000] M: Rgistred noave memory: [me 0x000000-0x0000ff]
    0.00000] P: Reistere nosavememoy: [em 0x009f000-x000ffff
[   0.00000] PM:Regitered osav memry: mem x00000000x00effff]
[    0.00000] PM: Registered osav memor: [mem 0x00f0000-x000ffff
[    0.00000 e82: [me 0x4000000-0xfebfffff] available for PCI devices
[    0.000000] Booting paravirtualized kernel on KVM
[    0.000000] clocksource: refined-jiffies: mask: 0xffffffff max_cycles: 0xffffffff, max_idle_ns: 7645519600211568 ns
[    0.000000] random: get_random_bytes called from start_kernel+0x99/0x4fd with crng_init=0
[    0.000000] setup_percpu: NR_CPUS:8192 nr_cpumask_bits:2 nr_cpu_ids:2 nr_node_ids:1
[    0.000000] percpu: Embedded 46 pages/cpu @        (ptrval) s151552 r8192 d28672 u1048576
[    0.000000] PV qspinlock hash table entries: 256 (order: 0, 4096 bytes)
[    0.000000] Built 1 zonelists, mobility grouping on.  Total pages: 257913
[    0.000000] Poliy zoe: DA32
[   0.00000] Kernl comandline: OOT_IMAE=/bot/vlinuz-415.043-gneri roo=UUI=9cd1e5ec430411baebd-bf13e7d1bd o cosole=tty1 consol=tty0
[   0.00000] emor: 98076K/148120Kavailable 1230K kernel code, 2472K rwdata, 4252K rodata, 2408K init, 2416K bss, 65044K reserved 0K ma-rserved
[    0.00000 SLUB: HWalin=64 Ordr=0-3, MinObjects=0, CPUs=2, Nodes=1
[    0.000000] Kernel/User page tables isolation: enabled
[    0.000000] ftrace: allocating 39186 entries in 154 pages
[   0.00000] Herarhical CU imlemetation.
[   0.00000]	RCUrestictig CPU from NRCPUS8192to n_cpuids=.
[   0.0400] 	Tsks RC enaled.
    0004000 RCU: Adjusting geometry for rcu_fnoutleaf=1, nr_cpu_ds=2
[    0.04000] R_IRS: 54544 nr_rqs: 440, preallocated irqs: 16
[    0.004000] Console: colour VGA+ 80x25
[    0.004000] console [tty1] enabled
[    0.004000] console [ttyS0] enabled
[    0.004000] ACPI: Core revision 20170831
[   0.004000] ACPI: 2 ACPI AML tables successfully acquired and loaded
[    0.004000] APIC: Switch to symmetric I/O mode setup
[    0.004000] x2apic enabled
[    0.004000] SwitchedAPIC routing to physical x2apic.
[    0.006952] ..TIMER: vector=0x30 apic1=0 pin1=2 apic2=-1 pin2=-1
[    0.008011] tsc: Detected 1696.075 MHz processor
[    0.012023] Calibrating delay loop (skipped) preset value.. 3392.15 BogoMIPS (lpj=6784300)
[    0.015205] pid_max: default: 32768 minimum: 301
[    0.016092] Security Framework initialized
[    0.020011] Yama: becoming mindful.
[    0.024058] AppArmor: AppArmor initialized
[    0.027088] Dentry cache hash table entries: 131072 (order: 8, 1048576 bytes)
[    0.028127] Inode-cache hash table entries: 65536 (order: 7, 524288 bytes)
[    0.032032] Mount-cache hash table entries: 2048 (order: 2, 16384 bytes)
[    0.034103] Mountpoint-cache hash table entries: 2048 (order: 2, 16384 bytes)
[    0.036405] mce: CPU supports 0 MCE banks
[    0.040031] Last level iTLB entries: 4KB 1024, 2MB 1024, 4MB 1024
[    0.042247] Last level dTLB entries: 4KB 1024, 2MB 1024, 4MB 1024, 1GB 4
[    0.044014] Spectre V2 : Mitigation: Full generic retpoline
[    0.046159] Spectre V2 : Spectre v2 / SpectreRSB mitigation: Filling RSB on context switch
[    0.048008] Speculative Store Bypass: Vulnerable
[    0.052184] Freeing SMP alternatives memory: 36K
[    0.064000] smpboot: CPU0: Intel(R) Core(TM) i3-4010U CPU @ 1.70GHz (family: 0x6, model: 0x45, stepping: 0x1)
[    0.064185] Performance Events: unsupported p6 CPU model 69 no PMU driver, software events only.
[    0.068138] Hierarchical SRCU implementation.
[    0.073172] NMI watchdog: Perf event create on CPU 0 failed with -2
[    0.076007] NMI watchdog: Perf NMI watchdog permanently disabled
[    0.080032] smp: Bringing up secondary CPUs ...
[    0.081633] x86: Booting SMP configuration:
[    0.084010] .... node  #0, CPUs:      #1
[    0.004000] kvm-clock: cpu 1, msr 0:3ff44041, secondary cpu clock
[    0.004000] mce: CPU supports 0 MCE banks
[    0.092038] smp: Brought up 1 node, 2 CPUs
[    0.096012] smpboot: Max logical packages: 1
[    0.100015] smpboot: Total of 2 processors activated (6784.30 BogoMIPS)
[    0.104244] devtmpfs: initialized
[    0.108161] x86/mm: Memory block size: 128MB
[    0.110334] evm: security.selinux
[    0.111557] evm: security.SMACK64
[    0.112017] evm: security.SMACK64EXEC
[    0.116013] evm: security.SMACK64TRANSMUTE
[    0.117649] evm: security.SMACK64MMAP
[    0.120007] evm: security.apparmor
[    0.121419] evm: security.ima
[    0.122544] evm: security.capability
[    0.124198] clocksource: jiffies: mask: 0xffffffff max_cycles: 0xffffffff, max_idle_ns: 7645041785100000 ns
[    0.132013] futex hash table entries: 512 (order: 3, 32768 bytes)
[    0.136150] pinctrl core: initialized pinctrl subsystem
[    0.144201] RTC time: 10:27:04, date: 01/29/19
[    0.148322] NET: Registered protocol family 16
[    0.152154] audit: initializing netlink subsys (disabled)
[    0.153932] audit: type=2000 audit(1548757607.734:1): state=initialized audit_enabled=0 res=1
[    0.156049] cpuidle: using governor ladder
[    0.160026] cpuidle: using governor menu
[    0.164083] ACPI: bus type PCI registered
[    0.168009] acpiphp: ACPI Hot Plug PCI Controller Driver version: 0.5
[    0.170780] PCI: Using configuration type 1 for base access
[    0.176106] HugeTLB registered 2.00 MiB page size, pre-allocated 0 pages
[    0.184172] ACPI: Added _OSI(Module Device)
[    0.188028] ACPI: Added _OSI(Processor Device)
[    0.192009] ACPI: Added _OSI(3.0 _SCP Extensions)
[    0.196006] ACPI: Added _OSI(Processor Aggregator Device)
[    0.197739] ACPI: Added _OSI(Linux-Dell-Video)
[    0.200013] ACPI: Added _OSI(Linux-Lenovo-NV-HDMI-Audio)
[    0.204764] ACPI: Executed 1 blocks of module-level executable AML code
[    0.218649] ACPI: Interpreter enabled
[    0.220029] ACPI: (supports S0 S5)
[    0.221363] ACPI: Using IOAPIC for interrupt routing
[    0.224784] PCI: Using host bridge windows from ACPI; if necessary, use "pci=nocrs" and report a bug
[    0.228321] ACPI: Enabled 2 GPEs in block 00 to 07
[    0.247104] ACPI: PCI Root Bridge [PCI0] (domain 0000 [bus 00-ff])
[    0.248028] acpi PNP0A03:00: _OSC: OS supports [ASPM ClockPM Segments MSI]
[    0.252082] acpi PNP0A03:00: _OSC: not requesting OS control; OS requires [ExtendedConfig ASPM ClockPM MSI]
[    0.256038] acpi PNP0A03:00: fail to add MMCONFIG information, can't access extended PCI configuration space under this bridge.
[    0.260678] PCI host bridge to bus 0000:00
[    0.264015] pci_bus 0000:00: root bus resource [io  0x0000-0x0cf7 window]
[    0.268017] pci_bus 0000:00: root bus resource [io  0x0d00-0xffff window]
[    0.272008] pci_bus 0000:00: root bus resource [mem 0x000a0000-0x000bffff window]
[    0.276016] pci_bus 0000:00: root bus resource [mem 0x40000000-0xfdffffff window]
[    0.280009] pci_bus 0000:00: root bus resource [bus 00-ff]
[    0.290893] pci 0000:00:01.1: legacy IDE quirk: reg 0x10: [io  0x01f0-0x01f7]
[    0.292013] pci 0000:00:01.1: legacy IDE quirk: reg 0x14: [io  0x03f6]
[    0.296015] pci 0000:00:01.1: legacy IDE quirk: reg 0x18: [io  0x0170-0x0177]
[    0.300013] pci 0000:00:01.1: legacy IDE quirk: reg 0x1c: [io  0x0376]
[    0.337076] pci 0000:00:07.0: quirk: [io  0x4000-0x403f] claimed by PIIX4 ACPI
[    0.340039] pci 0000:00:07.0: quirk: [io  0x4100-0x410f] claimed by PIIX4 SMB
[    0.365616] ACPI: PCI Interrupt Link [LNKA] (IRQs 5 9 10 *11)
[    0.369094] ACPI: PCI Interrupt Link [LNKB] (IRQs 5 9 *10 11)
[    0.372413] ACPI: PCI Interrupt Link [LNKC] (IRQs 5 *9 10 11)
[    0.376207] ACPI: PCI Interrupt Link [LNKD] (IRQs 5 9 10 *11)
[    0.381204] SCSI subsystem initialized
[    0.384119] pci 0000:00:02.0: vgaarb: setting as boot VGA device
[    0.388000] pci 0000:00:02.0: vgaarb: VGA device added: decodes=io+mem,owns=io+mem,locks=none
[    0.388019] pci 0000:00:02.0: vgaarb: bridge control possible
[    0.390215] vgaarb: loaded
[    0.392151] ACPI: bus type USB registered
[    0.393838] usbcore: registered new interface driver usbfs
[    0.395963] usbcore: registered new interface driver hub
[    0.396061] usbcore: registered new device driver usb
[    0.400061] EDAC MC: Ver: 3.0.0
[    0.400411] PCI: Using ACPI for IRQ routing
[    0.404007] NetLabel: Initializing
[    0.404007] NetLabel:  domain hash size = 128
[    0.405476] NetLabel:  protocols = UNLABELED CIPSOv4 CALIPSO
[    0.407345] NetLabel:  unlabeled traffic allowed by default
[    0.412168] clocksource: Switched to clocksource kvm-clock
[    0.440427] VFS: Disk quotas dquot_6.6.0
[    0.444465] VFS: Dquot-cache hash table entries: 512 (order 0, 4096 bytes)
[    0.447314] AppArmor: AppArmor Filesystem Enabled
[    0.449305] pnp: PnP ACPI init
[    0.453799] pnp: PnP ACPI: found 3 devices
[    0.462791] clocksource: acpi_pm: mask: 0xffffff max_cycles: 0xffffff, max_idle_ns: 2085701024 ns
[    0.468153] NET: Registered protocol family 2
[    0.472090] TCP established hash table entries: 8192 (order: 4, 65536 bytes)
[    0.479280] TCP bind hash table entries: 8192 (order: 5, 131072 bytes)
[    0.493692] TCP: Hash tables configured (established 8192 bind 8192)
[    0.498740] UDP hash table entries: 512 (order: 2, 16384 bytes)
[    0.500560] UDP-Lite hash table entries: 512 (order: 2, 16384 bytes)
[    0.504349] NET: Registered protocol family 1
[    0.505820] pci 0000:00:00.0: Limiting direct PCI/PCI transfers
[    0.509598] pci 0000:00:01.0: Activating ISA DMA hang workarounds
[    0.521201] pci 0000:00:02.0: Video device with shadowed ROM at [mem 0x000c0000-0x000dffff]
[    0.526008] Unpacking initramfs...
[    1.169105] Freeing initrd memory: 19508K
[    1.177992] platform rtc_cmos: registered platform RTC device (no PNP device found)
[    1.192475] Scanning for low memory corruption every 60 seconds
[    1.220579] Initialise system trusted keyrings
[    1.225791] Key type blacklist registered
[    1.227293] workingset: timestamp_bits=36 max_order=18 bucket_order=0
[    1.233484] zbud: loaded
[    1.237818] squashfs: version 4.0 (2009/01/31) Phillip Lougher
[    1.250605] fuse init (API version 7.26)
[    1.268564] Key type asymmetric registered
[    1.274088] Asymmetric key parser 'x509' registered
[    1.282334] Block layer SCSI generic (bsg) driver version 0.4 loaded (major 246)
[    1.293213] io scheduler noop registered
[    1.298823] io scheduler deadline registered
[    1.300461] io scheduler cfq registered (default)
[    1.302528] ACPI: AC Adapter [AC] (on-line)
[    1.305851] input: Power Button as /devices/LNXSYSTM:00/LNXPWRBN:00/input/input0
[    1.317363] ACPI: Power Button [PWRF]
[    1.331884] input: Sleep Button as /devices/LNXSYSTM:00/LNXSLPBN:00/input/input1
[    1.340564] ACPI: Sleep Button [SLPF]
[    1.342824] Serial: 8250/16550 driver, 32 ports, IRQ sharing enabled
[    1.346099] ACPI: Battery Slot [BAT0] (battery present)
[    1.383073] 00:02: ttyS0 at I/O 0x3f8 (irq = 4, base_baud = 115200) is a 16550A
[    1.395306] Linux agpgart interface v0.103
[    1.407494] loop: module loaded
[    1.412476] scsi host0: ata_piix
[    1.416520] scsi host1: ata_piix
[    1.418022] ata1: PATA max UDMA/33 cmd 0x1f0 ctl 0x3f6 bmdma 0xd000 irq 14
[    1.420778] ata2: PATA max UDMA/33 cmd 0x170 ctl 0x376 bmdma 0xd008 irq 15
[    1.423978] libphy: Fixed MDIO Bus: probed
[    1.433363] tun: Universal TUN/TAP device driver, 1.6
[    1.442590] PPP generic driver version 2.4.2
[    1.446589] ehci_hcd: USB 2.0 'Enhanced' Host Controller (EHCI) Driver
[    1.450775] ehci-pci: EHCI PCI platform driver
[    1.452653] ehci-platform: EHCI generic platform driver
[    1.454795] ohci_hcd: USB 1.1 'Open' Host Controller (OHCI) Driver
[    1.456854] ohci-pci: OHCI PCI platform driver
[    1.458280] ohci-platform: OHCI generic platform driver
[    1.467867] uhci_hcd: USB Universal Host Controller Interface driver
[    1.469947] i8042: PNP: PS/2 Controller [PNP0303:PS2K,PNP0f03:PS2M] at 0x60,0x64 irq 1,12
[    1.473281] serio: i8042 KBD port at 0x60,0x64 irq 1
[    1.484054] serio: i8042 AUX port at 0x60,0x64 irq 12
[    1.486327] mousedev: PS/2 mouse device common for all mice
[    1.489082] input: AT Translated Set 2 keyboard as /devices/platform/i8042/serio0/input/input2
[    1.494438] rtc_cmos rtc_cmos: rtc core: registered rtc_cmos as rtc0
[    1.497315] rtc_cmos rtc_cmos: alarms up to one day, 114 bytes nvram
[    1.499814] i2c /dev entries driver
[    1.501036] pcie_mp2_amd: AMD(R) PCI-E MP2 Communication Driver Version: 1.0
[    1.503254] device-mapper: uevent: version 1.0.3
[    1.505215] device-mapper: ioctl: 4.37.0-ioctl (2017-09-20) initialised: dm-devel@redhat.com
[    1.507951] ledtrig-cpu: registered to indicate activity on CPUs
[    1.518441] NET: Registered protocol family 10
[    1.537536] Segment Routing with IPv6
[    1.543150] NET: Registered protocol family 17
[    1.544816] Key type dns_resolver registered
[    1.546317] RAS: Correctable Errors collector initialized.
[    1.547841] sched_clock: Marking stable (1546257569, 0)->(24394515097, -22848257528)
[    1.550662] registered taskstats version 1
[    1.551888] Loading compiled-in X.509 certificates
[    1.559816] Loaded X.509 cert 'Build time autogenerated kernel key: 6afcca3ddc80072aeae87585a7fdb65d40603f58'
[    1.584002] zswap: loaded using pool lzo/zbud
[    1.595400] Key type big_key registered
[    1.605951] Key type trusted registered
[    1.612594] Key type encrypted registered
[    1.620700] AppArmor: AppArmor sha1 policy hashing enabled
[    1.622825] ima: No TPM chip found, activating TPM-bypass! (rc=-19)
[    1.625047] ima: Allocated hash algorithm: sha1
[    1.635555] evm: HMAC attrs: 0x1
[    1.642508]   Magic number: 3:135:478
[    1.644069] rtc rtc0: hash matches
[    1.645591] rtc_cmos rtc_cmos: setting system clock to 2019-01-29 10:27:05 UTC (1548757625)
[    1.648494] BIOS EDD facility v0.16 2004-Jun-25, 0 devices found
[    1.650316] EDD information not available.
[    1.656656] Freeing unused kernel memory: 2408K
[    1.756069] Write protecting the kernel read-only data: 20480k
[    2.208733] tsc: Refined TSC clocksource calibration: 1696.617 MHz
[    2.208745] clocksource: tsc: mask: 0xffffffffffffffff max_cycles: 0x1874ab6eecf, max_idle_ns: 440795219272 ns
[    2.728898] Freeing unused kernel memory: 2008K
[    3.259902] Freeing unused kernel memory: 1892K
[    3.274547] x86/mm: Checked W+X mappings: passed, no W+X pages found.
[    3.278090] x86/mm: Checking user space page tables
[    3.294538] x86/mm: Checked W+X mappings: passed, no W+X pages found.
Loading, please wait...
starting version 237
[    3.520786] e1000: Intel(R) PRO/1000 Network Driver - version 7.3.21-k8-NAPI
[    3.530641] e1000: Copyright (c) 1999-2006 Intel Corporation.
[    3.547048] Fusion MPT base driver 3.04.20
[    3.548954] Copyright (c) 1999-2008 LSI Corporation
[    3.597393] Fusion MPT SPI Host driver 3.04.20
[    3.648954] AVX2 version of gcm_enc/dec engaged.
[    3.659797] AES CTR mode by8 optimization enabled
[    3.801644] input: ImExPS/2 Generic Explorer Mouse as /devices/platform/i8042/serio1/input/input4
[    4.052681] e1000 0000:00:03.0 eth0: (PCI:33MHz:32-bit) 02:c4:4c:50:3a:be
[    4.692777] e1000 0000:00:03.0 eth0: Intel(R) PRO/1000 Network Connection
[    4.698399] mptbase: ioc0: Initiating bringup
[    5.045566] ioc0: LSI53C1030 A0: Capabilities={Initiator}
[    6.324717] scsi host2: ioc0: LSI53C1030 A0, FwRev=00000000h, Ports=1, MaxQ=256, IRQ=20
[    7.262621] scsi 2:0:0:0: Direct-Access     VBOX     HARDDISK         1.0  PQ: 0 ANSI: 5
[    7.315481] scsi target2:0:0: Beginning Domain Validation
[    7.335719] scsi target2:0:0: Domain Validation skipping write tests
[    7.339070] scsi target2:0:0: Ending Domain Validation
[    7.343830] scsi target2:0:0: asynchronous
[    7.346383] scsi 2:0:1:0: Direct-Access     VBOX     HARDDISK         1.0  PQ: 0 ANSI: 5
[    7.668874] scsi target2:0:1: Beginning Domain Validation
[    7.694710] random: fast init done
[    7.700904] scsi target2:0:1: Domain Validation skipping write tests
[    7.703760] scsi target2:0:1: Ending Domain Validation
[    7.705715] scsi target2:0:1: asynchronous
[    7.712644] random: systemd-udevd: uninitialized urandom read (16 bytes read)
[    7.712712] e1000 0000:00:08.0 eth1: (PCI:33MHz:32-bit) 08:00:27:f5:19:dd
[    7.712719] e1000 0000:00:08.0 eth1: Intel(R) PRO/1000 Network Connection
[    7.738676] sd 2:0:0:0: Attached scsi generic sg0 type 0
[    7.738818] random: systemd-udevd: uninitialized urandom read (16 bytes read)
[    7.738826] random: systemd-udevd: uninitialized urandom read (16 bytes read)
[    7.740659] e1000 0000:00:03.0 enp0s3: renamed from eth0
[    7.907805] sd 2:0:1:0: Attached scsi generic sg1 type 0
[    7.907863] sd 2:0:0:0: [sda] 20971520 512-byte logical blocks: (10.7 GB/10.0 GiB)
[    7.916306] e1000 0000:00:08.0 enp0s8: renamed from eth1
[    7.946060] sd 2:0:0:0: [sda] Write Protect is off
[    7.983139] sd 2:0:1:0: [sdb] 20480 512-byte logical blocks: (10.5 MB/10.0 MiB)
[    7.983332] sd 2:0:0:0: [sda] Incomplete mode parameter data
[    7.983337] sd 2:0:0:0: [sda] Assuming drive cache: write through
[    7.997206] sd 2:0:1:0: [sdb] Write Protect is off
[    8.029478] sd 2:0:1:0: [sdb] Incomplete mode parameter data
[    8.029483] sd 2:0:1:0: [sdb] Assuming drive cache: write through
[    8.112497]  sda: sda1
[    8.128965] sd 2:0:1:0: [sdb] Attached SCSI disk
[    8.134700] sd 2:0:0:0: [sda] Attached SCSI disk
Begin: Loading essential drivers ... [   10.028421] raid6: sse2x1   gen()  5053 MB/s
[   10.096355] raid6: sse2x1   xor()  2409 MB/s
[   10.148237] raid6: sse2x2   gen()  3856 MB/s
[   10.204394] raid6: sse2x2   xor()  3802 MB/s
[   10.252347] raid6: sse2x4   gen()  6868 MB/s
[   10.316348] raid6: sse2x4   xor()  3782 MB/s
[   10.388659] raid6: avx2x1   gen()  9341 MB/s
[   10.456402] raid6: avx2x1   xor()  6329 MB/s
[   10.536284] raid6: avx2x2   gen() 10886 MB/s
[   10.628176] raid6: avx2x2   xor()  7194 MB/s
[   10.720266] raid6: avx2x4   gen()  9011 MB/s
[   10.792184] raid6: avx2x4   xor()  2444 MB/s
[   10.795754] raid6: using algorithm avx2x2 gen() 10886 MB/s
[   10.798671] raid6: .... xor() 7194 MB/s, rmw enabled
[   10.799986] raid6: using avx2x2 recovery algorithm
[   10.806657] xor: automatically using best checksumming function   avx       
[   10.840667] async_tx: api initialized (async)
done.
Begin: Running /scripts/init-premount ... done.
Begin: Mounting root file system ... Begin: Running /scripts/local-top ... done.
Begin: Running /scripts/local-premount ... [   10.938588] Btrfs loaded, crc32c=crc32c-intel
Scanning for Btrfs filesystems
done.
Warning: fsck not present, so skipping root file system
[   11.075686] EXT4-fs (sda1): mounted filesystem with ordered data mode. Opts: (null)
done.
Begin: Running /scripts/local-bottom ... done.
Begin: Running /scripts/init-bottom ... done.
[   12.647447] ip_tables: (C) 2000-2006 Netfilter Core Team
[   12.756461] systemd[1]: systemd 237 running in system mode. (+PAM +AUDIT +SELINUX +IMA +APPARMOR +SMACK +SYSVINIT +UTMP +LIBCRYPTSETUP +GCRYPT +GNUTLS +ACL +XZ +LZ4 +SECCOMP +BLKID +ELFUTILS +KMOD -IDN2 +IDN -PCRE2 default-hierarchy=hybrid)
[   12.869551] systemd[1]: Detected virtualization oracle.
[   12.907535] systemd[1]: Detected architecture x86-64.

Welcome to [1mUbuntu 18.04.1 LTS[0m!

[   13.038500] systemd[1]: Set hostname to <ubuntu-bionic>.
[   13.272182] random: crng init done
[   13.295963] random: 7 urandom warning(s) missed due to ratelimiting
[   15.119659] systemd[1]: Reached target System Time Synchronized.
[[0;32m  OK  [0m] Reached target System Time Synchronized.
[   15.172527] systemd[1]: Reached target User and Group Name Lookups.
[[0;32m  OK  [0m] Reached target User and Group Name Lookups.
[   15.304926] systemd[1]: Set up automount Arbitrary Executable File Formats File System Automount Point.
[[0;32m  OK  [0m] Set up automount Arbitrary Executab…rmats File System Automount Point.
[   15.505087] systemd[1]: Started Forward Password Requests to Wall Directory Watch.
[[0;32m  OK  [0m] Started Forward Password Requests to Wall Directory Watch.
[   15.633574] systemd[1]: Created slice User and Session Slice.
[[0;32m  OK  [0m] Created slice User and Session Slice.
[   15.685547] systemd[1]: Created slice System Slice.
[[0;32m  OK  [0m] Created slice System Slice.
[[0;32m  OK  [0m] Listening on /dev/initctl Compatibility Named Pipe.
[[0;32m  OK  [0m] Created slice system-serial\x2dgetty.slice.
[[0;32m  OK  [0m] Listening on udev Control Socket.
[[0;32m  OK  [0m] Listening on Journal Socket (/dev/log).
[[0;32m  OK  [0m] Listening on Journal Socket.
         Mounting Kernel Debug File System...
         Starting Uncomplicated firewall...
[[0;32m  OK  [0m] Listening on udev Kernel Socket.
         Starting udev Coldplug all Devices...
[[0;32m  OK  [0m] Reached target Slices.
         Starting Remount Root and Kernel File Systems...
[[   16.192620] EXT4-fs (sda1): re-mounted. Opts: (null)
[0;32m  OK  [0m] Listening on LVM2 poll daemon socket.
[[0;32m  OK  [0m] Listening on Network Service Netlink Socket.
         Mounting POSIX Message Queue File System...
         Starting Create list of required st…ce nodes for the current kernel...
[[0;32m  OK  [0m] Listening on Device-mapper event daemon FIFOs.
[[0;32m  OK  [0m] Listening on Syslog Socket.
         Starting Set the console keyboard layout...
         Starting Load Kernel Modules...
[[0;32m  OK  [0m] Listening on LVM2 metadata daemon socket.
         Starting Monitoring of LVM2 mirrors…ng dmeventd or progress polling...
         Mounting Huge Pages File System...
[[0;32m  OK  [0m] Listening on Journal Audit Socket.
         Starting Journal Service...
[[0;32m  OK  [0m] Reached target Swap.
[[0;32m  OK  [0m] Mounted Kernel Debug File System.
[[0;32m  OK  [0m] Started Uncomplicated firewall.
[[0;32m  OK  [0m] Started Remount Root and Kernel File Systems.
[[0;32m  OK  [0m] Mounted POSIX Message Queue File System.
[[0;32m  OK  [0m] Started Create list of required sta…vice nodes for the current kernel.
[[0;32m  OK  [0m] Mounted Huge Pag[   17.585411] Loading iSCSI transport class v2.0-870.
es File System.
         Starting Create Static Device Nodes in /dev...
         Starting Load/Save Random Seed...
[   17.746518] iscsi: registered transport (tcp)
[   17.964839] systemd[1]: Starting Initial cloud-init job (pre-networking)...
         Starting Initial cloud-init job (pre-networking)...
[   18.081211] systemd[1]: Started Journal Service.
[[0;32m  OK  [0m] Started Journal Service.
[[0;32m  OK  [0m] Started udev Coldplug all Devices.
[[0;32m  OK  [0m] Started Load/Save Random Seed.
[[0;32m  OK  [0m] Started LVM2 metadata daemon.
         Starting Flush Journal to Persistent Storage...
[[0;32m  OK  [0m] Started Set the console keyboard layout.
[   18.632764] systemd-journald[403]: Received request to flush runtime journal from PID 1
[   19.506501] iscsi: registered transport (iser)
[[0;32m  OK  [0m] Started Load Kernel Modules.
         Mounting Kernel Configuration File System...
         Mounting FUSE Control File System...
         Starting Apply Kernel Variables...
[[0;32m  OK  [0m] Started Monitoring of LVM2 mirrors,…sing dmeventd or progress polling.
[[0;32m  OK  [0m] Started Create Static Device Nodes in /dev.
[[0;32m  OK  [0m] Mounted Kernel Configuration File System.
[[0;32m  OK  [0m] Mounted FUSE Control File System.
         Starting udev Kernel Device Manager...
[[0;32m  OK  [0m] Reached target Local File Systems (Pre).
[[0;32m  OK  [0m] Reached target Local File Systems.
         Starting Tell Plymouth To Write Out Runtime Data...
         Starting ebtables ruleset management...
         Starting Set console font and keymap...
         Starting AppArmor initialization...
[[0;32m  OK  [0m] Started Apply Kernel Variables.
[[0;32m  OK  [0m] Started Tell Plymouth To Write Out Runtime Data.
[[0;32m  OK  [0m] Started Set console font and keymap.
[[0;32m  OK  [0m] Started udev Kernel Device Manager.
[[0;32m  OK  [0m] Started Dispatch Password Requests to Console Directory Watch.
[[0;32m  OK  [0m] Reached target Local Encrypted Volumes.
[[0;32m  OK  [0m] Found device /dev/ttyS0.
[[0;32m  OK  [0m] Started ebtables ruleset management.
[[0;32m  OK  [0m] Listening on Load/Save RF Kill Switch Status /dev/rfkill Watch.
[[0;32m  OK  [0m] Started Flush Journal to Persistent Storage.
         Starting Create Volatile Files and Directories...
[[0;32m  OK  [0m] Started AppArmor initialization.
[[0;32m  OK  [0m] Started Create Volatile Files and Directories.
         Starting Update UTMP about System Boot/Shutdown...
[[0;32m  OK  [0m] Started Update UTMP about System Boot/Shutdown.
[   32.474034] cloud-init[410]: Cloud-init v. 18.4-0ubuntu1~18.04.1 running 'init-local' at Tue, 29 Jan 2019 10:27:35 +0000. Up 31.83 seconds.
[[0;32m  OK  [0m] Started Initial cloud-init job (pre-networking).
[[0;32m  OK  [0m] Reached target Network (Pre).
         Starting Network Service...
[[0;32m  OK  [0m] Started Network Service.
         Starting Wait for Network to be Configured...
         Starting Network Name Resolution...
[[0;32m  OK  [0m] Started Network Name Resolution.
[[0;32m  OK  [0m] Reached target Network.
[[0;32m  OK  [0m] Reached target Host and Network Name Lookups.
[[0;32m  OK  [0m] Started Wait for Network to be Configured.
         Starting Initial cloud-init job (metadata service crawler)...
[   37.115516] cloud-init[657]: Cloud-init v. 18.4-0ubuntu1~18.04.1 running 'init' at Tue, 29 Jan 2019 10:27:39 +0000. Up 35.68 seconds.
[   37.121326] cloud-init[657]: ci-info: ++++++++++++++++++++++++++++++++++++++Net device info+++++++++++++++++++++++++++++++++++++++
[   37.125965] cloud-init[657]: ci-info: +--------+------+-----------------------------+---------------+--------+-------------------+
[   37.129555] cloud-init[657]: ci-info: | Device |  Up  |           Address           |      Mask     | Scope  |     Hw-Address    |
[   37.156252] cloud-init[657]: ci-info: +--------+------+-----------------------------+---------------+--------+-------------------+
[   37.160588] cloud-init[657]: ci-info: | enp0s3 | True |          10.0.2.15          | 255.255.255.0 | global | 02:c4:4c:50:3a:be |
[   37.167723] cloud-init[657]: ci-info: | enp0s3 | True |  fe80::c4:4cff:fe50:3abe/64 |       .       |  link  | 02:c4:4c:50:3a:be |
[   37.174988] cloud-init[657]: ci-info: | enp0s8 | True |        192.168.33.10        | 255.255.255.0 | global | 08:00:27:f5:19:dd |
[   37.179738] cloud-init[657]: ci-info: | enp0s8 | True | fe80::a00:27ff:fef5:19dd/64 |       .       |  link  | 08:00:27:f5:19:dd |
[   37.196332] cloud-init[657]: ci-info: |   lo   | True |          127.0.0.1          |   255.0.0.0   |  host  |         .         |
[[0;32m  OK  [0m] Started Initial cloud-init job (metadata service crawler).
[   37.236688] cloud-init[657]: ci-info: |   lo   | True |           ::1/128           |       .       |  host  |         .         |
[[   37.270774] cloud-init[657]: ci-info: +--------+------+-----------------------------+---------------+--------+-------------------+
[   37.271039] cloud-init[657]: ci-info: +++++++++++++++++++++++++++++Route IPv4 info+++++++++++++++++++++++++++++
[0;32m  OK  [0m] Reached target Network is Online.
[   37.271410] cloud-init[657]: ci-info: +-------+--------------+----------+-----------------+-----------+-------+
[   37.365291] cloud-init[657]: ci-info: | Route | Destination  | Gateway  |     Genmask     | Interface | Flags |
[[0;32m  OK  [0m] Reached target Remote File Systems (Pre).
[[0;32m  OK  [0m] Reached target Remote File Systems.
[   37.407908] cloud-init[657]: ci-info: +-------+--------------+----------+-----------------+-----------+-------+
         Starting Availability of block devices...
[   37.496108] [cloud-init[0;32m  OK  [0m[657]: ] ci-info: |   0   |   0.0.0.0    | 10.0.2.2 |     0.0.0.0     |   enp0s3  |   UG  |Reached target Cloud-config availability.

[[0;32m  OK  [0m] Reached target System Initialization.
[   37.537737] [[0;32m  OK  [0m] Listening on UUID daemon activation socket.
cloud-init[657]: ci-info: |   1   |   10.0.2.0   | 0.0.0.0  |  255.255.255.0  |   enp0s3  |   U   |
         Starting Socket activation for snappy daemon.
[   37.611391] cloud-init[657]: ci-info: |   2   |   10.0.2.2   | 0.0.0.0  | 255.255.255.255 |   enp0s3  |   UH  |
[   37.700883] cloud-init[657]: ci-info: |   3   | 192.168.33.0 | 0.0.0.0  |  255.255.255.0  |   enp0s8  |   U   |
         Starting LXD - unix socket.
[   37.773228] [cloud-init[0;32m  OK  [0m[657]: ] ci-info: +-------+--------------+----------+-----------------+-----------+-------+Started Daily Cleanup of Temporary Directories.

[[0;32m  OK  [0m] Started Message of the Day.
[   37.909459] cloud-init[657]: ci-info: +++++++++++++++++++Route IPv6 info+++++++++++++++++++
[[0;32m  OK  [0m] Started ACPI Events Check.
[   38.013923] [[0;32m  OK  [0m] Listening on D-Bus System Message Bus Socket.
[[0;32m  OK  [0m] Started Daily apt download activities.
cloud-init[657]: ci-info: +-------+-------------+---------+-----------+-------+
[[0;32m  OK  [0m] Started Daily apt upgrade and clean activities.
[   38.050102] [cloud-init[0;32m  OK  [0m[657]: ] ci-info: | Route | Destination | Gateway | Interface | Flags |Listening on ACPID Listen Socket.

[[0;32m  OK  [0m] Started Discard unused blocks once a week.
[   38.332846] [cloud-init[0;32m  OK  [0m[657]: ] ci-info: +-------+-------------+---------+-----------+-------+Listening on Open-iSCSI iscsid Socket.

[[0;32m  OK  [0m] Reached target Paths.
[   38.365056] cloud-init[657]: ci-info: |   1   |  fe80::/64  |    ::   |   enp0s8  |   U   |
[[0;32m  OK  [0m] Reached target Timers.
[   38.397716] cloud-init[657]: ci-info: |   2   |  fe80::/64  |    ::   |   enp0s3  |   U   |
[[0;32m  OK  [0m] Started Availability of block devices.
[[0;32m  OK  [0m] Listening on Socket activation for snappy daemon.
[[0;32m  OK  [0m] Listening on LXD - unix socket.
[[0;32m  OK  [0m] Reached target Sockets.
[[0;32m  OK  [0m] Reached target Basic System.
[   38.541896] cloud-init[657]: ci-info: |   4   |    local    |    ::   |   enp0s3  |   U   |
[[0;32m  OK  [0m] Started Deferred execution scheduler.
[   38.719563] cloud-init[657]: ci-info: |   5   |    local    |    ::   |   enp0s8  |   U   |
[[0;32m  OK  [0m[   38.777545] cloud-init[657]: ci-info: |   6   |   ff00::/8  |    ::   |   enp0s8  |   U   |
[   38.778714] cloud-init[657]: ci-info: |   7   |   ff00::/8  |    ::   |   enp0s3  |   U   |
[   38.779361] cloud-init[657]: ci-info: +-------+-------------+---------+-----------+-------+
] Started irqbalance daemon.
         Starting Permit User Sessions...
         Starting vboxadd.service...
         Starting Dispatcher daemon for systemd-networkd...
         Starting Login Service...
         Starting OpenBSD Secure Shell server...
         Starting System Logging Service...
[[0;32m  OK  [0m] Started Regular background program processing daemon.
[[0;32m  OK  [0m] Started D-Bus System Message Bus.
[[0;32m  OK  [0m] Started Login Service.
         Starting LSB: Record successful boot for GRUB...
         Starting LSB: automatic crash report generation...
[[0;32m  OK  [0m] Started Unattended Upgrades Shutdown.
[[0;32m  OK  [0m] Started FUSE filesystem for LXC.
         Starting Snappy daemon...
         Starting LXD - container startup/shutdown...
         Starting Accounts Service...
[[0;32m  OK  [0m] Started System Logging Service.
[[0;32m  OK  [0m] Started Dispatcher daemon for systemd-networkd.
[[0;32m  OK  [0m] Started Permit User Sessions.
         Starting Hold until boot process finishes up...
         Starting Terminate Plymouth Boot Screen...
[[0;32m  OK  [0m] Started Hold until boot process finishes up.
[[0;32m  OK  [0m] Started OpenBSD Secure Shell server.
[[0;32m  OK  [0m] Started Terminate Plymouth Boot Screen.
[[0;32m  OK  [0m] Started Serial Getty on ttyS0.
         Starting Set console scheme...
[[0;32m  OK  [0m] Started Set console scheme.
[[0;32m  OK  [0m] Created slice system-getty.slice.
[[0;32m  OK  [0m] Started Getty on tty1.
[[0;32m  OK  [0m] Reached target Login Prompts.
[[0;32m  OK  [0m] Started LSB: automatic crash report generation.
[[0;32m  OK  [0m] Started vboxadd.service.
[[0;32m  OK  [0m] Started LSB: Record successful boot for GRUB.
         Starting vboxadd-service.service...
         Starting Authorization Manager...
[[0;32m  OK  [0m] Started Authorization Manager.
[[0;32m  OK  [0m] Started Accounts Service.
[[0;32m  OK  [0m] Started vboxadd-service.service.
[[0;32m  OK  [0m] Started Snappy daemon.
         Starting Wait until snapd is fully seeded...
[[0;32m  OK  [0m] Started Wait until snapd is fully seeded.
         Starting Apply the settings specified in cloud-config...
[[0;32m  OK  [0m] Started LXD - container startup/shutdown.
[[0;32m  OK  [0m] Reached target Multi-User System.
[[0;32m  OK  [0m] Reached target Graphical Interface.
         Starting Update UTMP about System Runlevel Changes...
[[0;32m  OK  [0m] Started Update UTMP about System Runlevel Changes.
[   45.906389] cloud-init[1187]: Cloud-init v. 18.4-0ubuntu1~18.04.1 running 'modules:config' at Tue, 29 Jan 2019 10:27:49 +0000. Up 45.65 seconds.
[[0;32m  OK  [0m] Started Apply the settings specified in cloud-config.
         Starting Execute cloud user/final scripts...
[   47.157494] cloud-init[1238]: Cloud-init v. 18.4-0ubuntu1~18.04.1 running 'modules:final' at Tue, 29 Jan 2019 10:27:50 +0000. Up 46.88 seconds.
[   47.224551] cloud-init[1238]: Cloud-init v. 18.4-0ubuntu1~18.04.1 finished at Tue, 29 Jan 2019 10:27:50 +0000. Datasource DataSourceNoCloud [seed=/dev/sdb][dsmode=net].  Up 47.14 seconds
[[0;32m  OK  [0m] Started Execute cloud user/final scripts.

Ubuntu 18.04.1 LTS ubuntu-bionic ttyS0

ubuntu-bionic login: [[0;32m  OK  [0m] Stopped target Cloud-init target.
         Stopping Authorization Manager...
[[0;32m  OK  [0m] Stopped target Graphical Interface.
         Stopping User U         Stopping irqbalance daemon...
         Stopping LXD - container startup/shutdown...
         Stopping Regular background program processing daemon...
         Stopping vboxadd-service.service...
         Stopping Unattended Upgrades Shutdown...
         Stopping FUSE filesystem for LXC...
[[0;32m  OK  [0m] Stopped Apply the settings specified in cloud-config.
[[0;32m  OK  [0m] Stopped target Cloud-config availability.
[[0;32m  OK  [0m] Stopped Wait until snapd is fully seeded.
[[0;32m  OK  [0m] Stopped target Network is Online.
         Stopping Snappy daemon...
[[0;32m  OK  [0m] Closed Load/Save RF Kill Switch Status /dev/rfkill Watch.
         Stopping LSB: Record successful boot for GRUB...
         Stopping Session 3 of user vagrant.
[[0;32m  OK  [0m] Stopped Daily apt upgrade and clean activities.
[[0;32m  OK  [0m] Stopped Daily apt download activities.
[[0;32m  OK  [0m] Stopped target System Time Synchronized.
         Stopping Dispatcher daemon for systemd-networkd...
         Stopping Accounts Service...
         Stopping LSB: automatic crash report generation...
[[0;32m  OK  [0m] Unmounted /var/lib/lxcfs.
[[0;32m  OK  [0m] Stopped Deferred execution scheduler.
[[0;32m  OK  [0m] Stopped irqbalance daemon.
[[0;32m  OK  [0m] Stopped Dispatcher daemon for systemd-networkd.
[[0;32m  OK  [0m] Stopped System Logging Service.
[[0;32m  OK  [0m] Stopped Regular background program processing daemon.
[[0;32m  OK  [0m] Stopped Snappy daemon.
[[0;32m  OK  [0m] Stopped Accounts Service.
[[0;32m  OK  [0m] Stopped OpenBSD Secure Shell server.
[[0;32m  OK  [0m] Stopped Serial Getty on ttyS0.
[[0;32m  OK  [0m] Stopped Getty on tty1.
[[0;32m  OK  [0m] Stopped Authorization Manager.
[[0;32m  OK  [0m] Stopped User Manager for UID 1000.
[[0;32m  OK  [0m] Stopped Availability of block devices.
[[0;32m  OK  [0m] Stopped D-Bus System Message Bus.
[[0;32m  OK  [0m] Stopped vboxadd-service.service.
[[0;32m  OK  [0m] Stopped FUSE filesystem for LXC.
[[0;32m  OK  [0m] Stopped Session 3 of user vagrant.
[[0;32m  OK  [0m] Stopped Unattended Upgrades Shutdown.
         Stopping vboxadd.service...
[[0;32m  OK  [0m] Removed slice User Slice of vagrant.
         Stopping Login Service...
[[0;32m  OK  [0m] Removed slice system-getty.slice.
         Stopping Permit User Sessions...
[[0;32m  OK  [0m] Removed slice system-serial\x2dgetty.slice.
[[0;32m  OK  [0m] Stopped LXD - container startup/shutdown.
[[0;32m  OK  [0m] Stopped LSB: Record successful boot for GRUB.
[[0;32m  OK  [0m] Stopped Login Service.
[[0;32m  OK  [0m] Stopped LSB: automatic crash report generation.
[[0;32m  OK  [0m] Stopped Permit User Sessions.
[[0;32m  OK  [0m] Stopped target Network.
         Stopping Network Name Resolution...
[[0;32m  OK  [0m] Stopped target Remote File Systems.
[[0;32m  OK  [0m] Stopped target Remote File Systems (Pre).
[[0;32m  OK  [0m] Stopped target User and Group Name Lookups.
[[0;32m  OK  [0m] Stopped Network Name Resolution.
[[0;32m  OK  [0m] Stopped vboxadd.service.
[[0;32m  OK  [0m] Stopped target Basic System.
[[0;32m  OK  [0m] Stopped target Sockets.
[[0;32m  OK  [0m] Closed Syslog Socket.
[[0;32m  OK  [0m] Closed ACPID Listen Socket.
[[0;32m  OK  [0m] Closed Open-iSCSI iscsid Socket.
[[0;32m  OK  [0m] Closed D-Bus System Message Bus Socket.
[[0;32m  OK  [0m] Closed UUID daemon activation socket.
[[0;32m  OK  [0m] Closed Socket activation for snappy daemon.
[[0;32m  OK  [0m] Closed LXD - unix socket.
[[0;32m  OK  [0m] Stopped target Paths.
[[0;32m  OK  [0m] Stopped ACPI Events Check.
[[0;32m  OK  [0m] Stopped target Slices.
[[0;32m  OK  [0m] Removed slice User and Session Slice.
[[0;32m  OK  [0m] Stopped target System Initialization.
[[0;32m  OK  [0m] Stopped Initial cloud-init job (metadata service crawler).
[[0;32m  OK  [0m] Stopped Wait for Network to be Configured.
         Stopping Network Service...
[[0;32m  OK  [0m] Stopped target Local Encrypted Volumes.
[[0;32m  OK  [0m] Stopped Dispatch Password Requests to Console Directory Watch.
[[0;32m  OK  [0m] Stopped Forward Password Requests to Wall Directory Watch.
         Stopping Update UTMP about System Boot/Shutdown...
         Stopping Load/Save Random Seed...
[[0;32m  OK  [0m] Stopped Network Service.
[[0;32m  OK  [0m] Stopped Apply Kernel Variables.
[[0;32m  OK  [0m] Stopped Load Kernel Modules.
[[0;32m  OK  [0m] Stopped target Network (Pre).
[[0;32m  OK  [0m] Stopped Initial cloud-init job (pre-networking).
[[0;32m  OK  [0m] Stopped Load/Save Random Seed.
[[0;32m  OK  [0m] Stopped Update UTMP about System Boot/Shutdown.
[[0;32m  OK  [0m] Stopped Create Volatile Files and Directories.
[[0;32m  OK  [0m] Stopped target Local File Systems.
         Unmounting /run/user/1000...
[[0;32m  OK  [0m] Unmounted /run/user/1000.
[[0;32m  OK  [0m] Reached target Unmount All Filesystems.
[[0;32m  OK  [0m] Stopped target Swap.
[[0;32m  OK  [0m] Stopped target Local File Systems (Pre).
[[0;32m  OK  [0m] Stopped Create Static Device Nodes in /dev.
[[0;32m  OK  [0m] Stopped Remount Root and Kernel File Systems.
[[0;32m  OK  [0m] Reached target Shutdown.
[[0;32m  OK  [0m] Reached target Final Step.
         Starting Power-Off...
         Stopping Monitoring of LVM2 mirrors…ng dmeventd or progress polling...
[[0;32m  OK  [0m] Stopped Monitoring of LVM2 mirrors,…sing dmeventd or progress polling.
         Stopping LVM2 metadata daemon...
[[0;32m  OK  [0m] Stopped LVM2 metadata daemon.
[  160.023769] reboot: Power down
